Started GET "/" for 127.0.0.1 at 2018-03-10 07:24:51 -0300
Processing by Rails::WelcomeController#index as HTML
  Rendering /var/lib/gems/2.3.0/gems/railties-5.1.5/lib/rails/templates/rails/welcome/index.html.erb
  Rendered /var/lib/gems/2.3.0/gems/railties-5.1.5/lib/rails/templates/rails/welcome/index.html.erb (12.2ms)
Completed 200 OK in 436ms (Views: 62.8ms)


  [1m[36mUser Load (1.3ms)[0m  [1m[34mSELECT  "users".* FROM "users" ORDER BY "users"."id" DESC LIMIT ?[0m  [["LIMIT", 1]]
  [1m[35m (0.3ms)[0m  [1m[34mSELECT sqlite_version(*)[0m
  [1m[35m (206.9ms)[0m  [1m[35mCREATE TABLE "schema_migrations" ("version" varchar NOT NULL PRIMARY KEY)[0m
  [1m[35m (180.7ms)[0m  [1m[35mCREATE TABLE "ar_internal_metadata" ("key" varchar NOT NULL PRIMARY KEY, "value" varchar, "created_at" datetime NOT NULL, "updated_at" datetime NOT NULL)[0m
  [1m[35m (0.6ms)[0m  [1m[34mSELECT "schema_migrations"."version" FROM "schema_migrations" ORDER BY "schema_migrations"."version" ASC[0m
Migrating to CreateUsers (20180310104301)
  [1m[35m (0.2ms)[0m  [1m[36mbegin transaction[0m
  [1m[35m (0.9ms)[0m  [1m[35mCREATE TABLE "users" ("id" INTEGER PRIMARY KEY AUTOINCREMENT NOT NULL, "name" varchar, "last_name" varchar, "created_at" datetime NOT NULL, "updated_at" datetime NOT NULL)[0m
  [1m[35mSQL (0.4ms)[0m  [1m[32mINSERT INTO "schema_migrations" ("version") VALUES (?)[0m  [["version", "20180310104301"]]
  [1m[35m (113.3ms)[0m  [1m[36mcommit transaction[0m
  [1m[36mActiveRecord::InternalMetadata Load (0.6ms)[0m  [1m[34mSELECT  "ar_internal_metadata".* FROM "ar_internal_metadata" WHERE "ar_internal_metadata"."key" = ? LIMIT ?[0m  [["key", "environment"], ["LIMIT", 1]]
  [1m[35m (0.2ms)[0m  [1m[36mbegin transaction[0m
  [1m[35mSQL (1.2ms)[0m  [1m[32mINSERT INTO "ar_internal_metadata" ("key", "value", "created_at", "updated_at") VALUES (?, ?, ?, ?)[0m  [["key", "environment"], ["value", "development"], ["created_at", "2018-03-10 10:43:31.336320"], ["updated_at", "2018-03-10 10:43:31.336320"]]
  [1m[35m (79.8ms)[0m  [1m[36mcommit transaction[0m
  [1m[35m (0.3ms)[0m  [1m[34mSELECT "schema_migrations"."version" FROM "schema_migrations" ORDER BY "schema_migrations"."version" ASC[0m
  [1m[36mUser Load (0.3ms)[0m  [1m[34mSELECT  "users".* FROM "users" LIMIT ?[0m  [["LIMIT", 11]]
  [1m[35m (0.4ms)[0m  [1m[36mbegin transaction[0m
  [1m[35mSQL (229.7ms)[0m  [1m[32mINSERT INTO "users" ("name", "last_name", "created_at", "updated_at") VALUES (?, ?, ?, ?)[0m  [["name", "jesus"], ["last_name", "kahwati"], ["created_at", "2018-03-10 10:45:12.264494"], ["updated_at", "2018-03-10 10:45:12.264494"]]
  [1m[35m (346.6ms)[0m  [1m[36mcommit transaction[0m
  [1m[36mUser Load (0.5ms)[0m  [1m[34mSELECT  "users".* FROM "users" ORDER BY "users"."id" DESC LIMIT ?[0m  [["LIMIT", 1]]
  [1m[35mSQL (112.7ms)[0m  [1m[31mDELETE FROM "users" WHERE "users"."id" = ?[0m  [["id", 1]]
  [1m[36mUser Load (0.3ms)[0m  [1m[34mSELECT  "users".* FROM "users" LIMIT ?[0m  [["LIMIT", 11]]
  [1m[35m (0.4ms)[0m  [1m[34mSELECT "schema_migrations"."version" FROM "schema_migrations" ORDER BY "schema_migrations"."version" ASC[0m
  [1m[35m (0.2ms)[0m  [1m[36mbegin transaction[0m
  [1m[35mSQL (2.6ms)[0m  [1m[32mINSERT INTO "users" ("name", "last_name", "created_at", "updated_at") VALUES (?, ?, ?, ?)[0m  [["name", "jesus"], ["last_name", "kahwati"], ["created_at", "2018-03-10 10:46:40.636055"], ["updated_at", "2018-03-10 10:46:40.636055"]]
  [1m[35m (169.1ms)[0m  [1m[36mcommit transaction[0m
  [1m[35m (0.2ms)[0m  [1m[36mbegin transaction[0m
  [1m[35mSQL (3.2ms)[0m  [1m[32mINSERT INTO "users" ("name", "last_name", "created_at", "updated_at") VALUES (?, ?, ?, ?)[0m  [["name", "Gladys"], ["last_name", "Aguilar"], ["created_at", "2018-03-10 10:46:40.812978"], ["updated_at", "2018-03-10 10:46:40.812978"]]
  [1m[35m (78.2ms)[0m  [1m[36mcommit transaction[0m
  [1m[35m (0.2ms)[0m  [1m[36mbegin transaction[0m
  [1m[35mSQL (3.2ms)[0m  [1m[32mINSERT INTO "users" ("name", "last_name", "created_at", "updated_at") VALUES (?, ?, ?, ?)[0m  [["name", "Georges"], ["last_name", "Beyloune"], ["created_at", "2018-03-10 10:46:40.903081"], ["updated_at", "2018-03-10 10:46:40.903081"]]
  [1m[35m (79.7ms)[0m  [1m[36mcommit transaction[0m
  [1m[36mUser Load (0.5ms)[0m  [1m[34mSELECT  "users".* FROM "users" LIMIT ?[0m  [["LIMIT", 11]]
Started GET "/" for 127.0.0.1 at 2018-03-10 07:55:00 -0300
  [1m[35m (0.6ms)[0m  [1m[34mSELECT "schema_migrations"."version" FROM "schema_migrations" ORDER BY "schema_migrations"."version" ASC[0m
Processing by Rails::WelcomeController#index as HTML
  Rendering /var/lib/gems/2.3.0/gems/railties-5.1.5/lib/rails/templates/rails/welcome/index.html.erb
  Rendered /var/lib/gems/2.3.0/gems/railties-5.1.5/lib/rails/templates/rails/welcome/index.html.erb (14.4ms)
Completed 200 OK in 82ms (Views: 18.8ms | ActiveRecord: 0.0ms)


Started GET "/api/users" for 127.0.0.1 at 2018-03-10 07:55:23 -0300
  
ActionController::RoutingError (undefined method `respond_to' for Api::UsersController:Class
Did you mean?  respond_to?):
  
app/controllers/api/users_controller.rb:3:in `<class:UsersController>'
app/controllers/api/users_controller.rb:1:in `<top (required)>'
Started GET "/api/users" for 127.0.0.1 at 2018-03-10 07:58:56 -0300
Processing by Api::UsersController#index as HTML
  [1m[36mUser Load (7.6ms)[0m  [1m[34mSELECT "users".* FROM "users"[0m
Completed 200 OK in 481ms (Views: 466.2ms | ActiveRecord: 10.3ms)


Started GET "/api/users/new?name=jose&last_name=torrealba" for 127.0.0.1 at 2018-03-10 08:03:50 -0300
  
AbstractController::ActionNotFound (The action 'new' could not be found for Api::UsersController):
  
actionpack (5.1.5) lib/abstract_controller/base.rb:119:in `process'
actionview (5.1.5) lib/action_view/rendering.rb:30:in `process'
actionpack (5.1.5) lib/action_controller/metal.rb:189:in `dispatch'
actionpack (5.1.5) lib/action_controller/metal.rb:253:in `dispatch'
actionpack (5.1.5) lib/action_dispatch/routing/route_set.rb:49:in `dispatch'
actionpack (5.1.5) lib/action_dispatch/routing/route_set.rb:31:in `serve'
actionpack (5.1.5) lib/action_dispatch/journey/router.rb:50:in `block in serve'
actionpack (5.1.5) lib/action_dispatch/journey/router.rb:33:in `each'
actionpack (5.1.5) lib/action_dispatch/journey/router.rb:33:in `serve'
actionpack (5.1.5) lib/action_dispatch/routing/route_set.rb:844:in `call'
rack (2.0.4) lib/rack/etag.rb:25:in `call'
rack (2.0.4) lib/rack/conditional_get.rb:25:in `call'
rack (2.0.4) lib/rack/head.rb:12:in `call'
rack (2.0.4) lib/rack/session/abstract/id.rb:232:in `context'
rack (2.0.4) lib/rack/session/abstract/id.rb:226:in `call'
actionpack (5.1.5) lib/action_dispatch/middleware/cookies.rb:613:in `call'
activerecord (5.1.5) lib/active_record/migration.rb:556:in `call'
actionpack (5.1.5) lib/action_dispatch/middleware/callbacks.rb:26:in `block in call'
activesupport (5.1.5) lib/active_support/callbacks.rb:97:in `run_callbacks'
actionpack (5.1.5) lib/action_dispatch/middleware/callbacks.rb:24:in `call'
actionpack (5.1.5) lib/action_dispatch/middleware/executor.rb:12:in `call'
actionpack (5.1.5) lib/action_dispatch/middleware/debug_exceptions.rb:59:in `call'
web-console (3.5.1) lib/web_console/middleware.rb:135:in `call_app'
web-console (3.5.1) lib/web_console/middleware.rb:28:in `block in call'
web-console (3.5.1) lib/web_console/middleware.rb:18:in `catch'
web-console (3.5.1) lib/web_console/middleware.rb:18:in `call'
actionpack (5.1.5) lib/action_dispatch/middleware/show_exceptions.rb:31:in `call'
railties (5.1.5) lib/rails/rack/logger.rb:36:in `call_app'
railties (5.1.5) lib/rails/rack/logger.rb:24:in `block in call'
activesupport (5.1.5) lib/active_support/tagged_logging.rb:69:in `block in tagged'
activesupport (5.1.5) lib/active_support/tagged_logging.rb:26:in `tagged'
activesupport (5.1.5) lib/active_support/tagged_logging.rb:69:in `tagged'
railties (5.1.5) lib/rails/rack/logger.rb:24:in `call'
sprockets-rails (3.2.1) lib/sprockets/rails/quiet_assets.rb:13:in `call'
actionpack (5.1.5) lib/action_dispatch/middleware/remote_ip.rb:79:in `call'
actionpack (5.1.5) lib/action_dispatch/middleware/request_id.rb:25:in `call'
rack (2.0.4) lib/rack/method_override.rb:22:in `call'
rack (2.0.4) lib/rack/runtime.rb:22:in `call'
activesupport (5.1.5) lib/active_support/cache/strategy/local_cache_middleware.rb:27:in `call'
actionpack (5.1.5) lib/action_dispatch/middleware/executor.rb:12:in `call'
actionpack (5.1.5) lib/action_dispatch/middleware/static.rb:125:in `call'
rack (2.0.4) lib/rack/sendfile.rb:111:in `call'
railties (5.1.5) lib/rails/engine.rb:522:in `call'
puma (3.11.3) lib/puma/configuration.rb:225:in `call'
puma (3.11.3) lib/puma/server.rb:624:in `handle_request'
puma (3.11.3) lib/puma/server.rb:438:in `process_client'
puma (3.11.3) lib/puma/server.rb:302:in `block in run'
puma (3.11.3) lib/puma/thread_pool.rb:120:in `block in spawn_thread'
Started GET "/api/users?name=jose&last_name=torrealba" for 127.0.0.1 at 2018-03-10 08:04:21 -0300
Processing by Api::UsersController#index as HTML
  Parameters: {"name"=>"jose", "last_name"=>"torrealba"}
  [1m[36mUser Load (39.0ms)[0m  [1m[34mSELECT "users".* FROM "users"[0m
Completed 200 OK in 44ms (Views: 4.1ms | ActiveRecord: 39.0ms)


  [1m[36mUser Load (0.5ms)[0m  [1m[34mSELECT  "users".* FROM "users" LIMIT ?[0m  [["LIMIT", 11]]
  [1m[35m (0.3ms)[0m  [1m[34mSELECT COUNT(*) FROM "users"[0m
Started GET "/api/users?name=jose&last_name=torrealba" for 127.0.0.1 at 2018-03-10 08:04:43 -0300
Processing by Api::UsersController#index as HTML
  Parameters: {"name"=>"jose", "last_name"=>"torrealba"}
  [1m[36mUser Load (1.0ms)[0m  [1m[34mSELECT "users".* FROM "users"[0m
Completed 200 OK in 8ms (Views: 5.2ms | ActiveRecord: 1.0ms)


Started GET "/api/users?name=jose&last_name=torrealba" for 127.0.0.1 at 2018-03-10 08:06:54 -0300
Processing by Api::UsersController#index as HTML
  Parameters: {"name"=>"jose", "last_name"=>"torrealba"}
  [1m[36mUser Load (12.7ms)[0m  [1m[34mSELECT "users".* FROM "users"[0m
Completed 200 OK in 62ms (Views: 38.5ms | ActiveRecord: 15.7ms)


Started GET "/api/users" for 127.0.0.1 at 2018-03-10 08:07:14 -0300
Processing by Api::UsersController#index as HTML
Completed 500 Internal Server Error in 10ms


  
NoMethodError (undefined method `pry' for #<Binding:0x00000002638498>
Did you mean?  pretty_print
               pretty_inspect
               pretty_print_cycle
               try):
  
app/controllers/api/users_controller.rb:5:in `index'
Started GET "/api/users" for ::1 at 2018-03-10 08:12:01 -0300
  [1m[35m (0.5ms)[0m  [1m[34mSELECT "schema_migrations"."version" FROM "schema_migrations" ORDER BY "schema_migrations"."version" ASC[0m
Processing by Api::UsersController#index as HTML
  [1m[36mUser Load (14.8ms)[0m  [1m[34mSELECT "users".* FROM "users"[0m
Completed 200 OK in 11783ms (Views: 118.1ms | ActiveRecord: 21.2ms)


Started GET "/api/users?name=jose&last_name=torrealba" for ::1 at 2018-03-10 08:13:28 -0300
Processing by Api::UsersController#index as HTML
  Parameters: {"name"=>"jose", "last_name"=>"torrealba"}
  [1m[36mUser Load (0.5ms)[0m  [1m[34mSELECT "users".* FROM "users"[0m
Completed 200 OK in 26788ms (Views: 26.8ms | ActiveRecord: 3.2ms)


Started GET "/api/users?name=jose&last_name=torrealba" for ::1 at 2018-03-10 08:26:37 -0300
  [1m[35m (0.5ms)[0m  [1m[34mSELECT "schema_migrations"."version" FROM "schema_migrations" ORDER BY "schema_migrations"."version" ASC[0m
Processing by Api::UsersController#index as HTML
  Parameters: {"name"=>"jose", "last_name"=>"torrealba"}
  [1m[36mUser Load (1.0ms)[0m  [1m[34mSELECT "users".* FROM "users"[0m
Completed 200 OK in 8331ms (Views: 23.2ms | ActiveRecord: 2.7ms)


Started GET "/api/users?name=jose&last_name=torrealba" for ::1 at 2018-03-10 08:26:53 -0300
Processing by Api::UsersController#index as HTML
  Parameters: {"name"=>"jose", "last_name"=>"torrealba"}
  [1m[36mUser Load (0.3ms)[0m  [1m[34mSELECT "users".* FROM "users"[0m
Completed 200 OK in 5404ms (Views: 21.0ms | ActiveRecord: 2.8ms)


Started GET "/api/users?name=jose&last_name=torrealba" for ::1 at 2018-03-10 08:27:08 -0300
Processing by Api::UsersController#index as HTML
  Parameters: {"name"=>"jose", "last_name"=>"torrealba"}
  [1m[36mUser Load (0.4ms)[0m  [1m[34mSELECT "users".* FROM "users"[0m
Completed 200 OK in 98ms (Views: 80.9ms | ActiveRecord: 4.5ms)


Started GET "/api/users" for ::1 at 2018-03-10 08:27:37 -0300
Processing by Api::UsersController#index as HTML
  [1m[36mUser Load (0.6ms)[0m  [1m[34mSELECT "users".* FROM "users"[0m
Completed 200 OK in 7ms (Views: 4.6ms | ActiveRecord: 0.6ms)


Started POST "/api/users" for 127.0.0.1 at 2018-03-10 08:32:41 -0300
Processing by Api::UsersController#create as */*
  Parameters: {"name"=>"jose", "last_name"=>"torrealba", "user"=>{"name"=>"jose", "last_name"=>"torrealba"}}
Can't verify CSRF token authenticity.
Completed 422 Unprocessable Entity in 35ms (ActiveRecord: 0.0ms)


  
ActionController::InvalidAuthenticityToken (ActionController::InvalidAuthenticityToken):
  
actionpack (5.1.5) lib/action_controller/metal/request_forgery_protection.rb:195:in `handle_unverified_request'
actionpack (5.1.5) lib/action_controller/metal/request_forgery_protection.rb:227:in `handle_unverified_request'
actionpack (5.1.5) lib/action_controller/metal/request_forgery_protection.rb:222:in `verify_authenticity_token'
activesupport (5.1.5) lib/active_support/callbacks.rb:413:in `block in make_lambda'
activesupport (5.1.5) lib/active_support/callbacks.rb:197:in `block (2 levels) in halting'
actionpack (5.1.5) lib/abstract_controller/callbacks.rb:12:in `block (2 levels) in <module:Callbacks>'
activesupport (5.1.5) lib/active_support/callbacks.rb:198:in `block in halting'
activesupport (5.1.5) lib/active_support/callbacks.rb:507:in `block in invoke_before'
activesupport (5.1.5) lib/active_support/callbacks.rb:507:in `each'
activesupport (5.1.5) lib/active_support/callbacks.rb:507:in `invoke_before'
activesupport (5.1.5) lib/active_support/callbacks.rb:130:in `run_callbacks'
actionpack (5.1.5) lib/abstract_controller/callbacks.rb:19:in `process_action'
actionpack (5.1.5) lib/action_controller/metal/rescue.rb:20:in `process_action'
actionpack (5.1.5) lib/action_controller/metal/instrumentation.rb:32:in `block in process_action'
activesupport (5.1.5) lib/active_support/notifications.rb:166:in `block in instrument'
activesupport (5.1.5) lib/active_support/notifications/instrumenter.rb:21:in `instrument'
activesupport (5.1.5) lib/active_support/notifications.rb:166:in `instrument'
actionpack (5.1.5) lib/action_controller/metal/instrumentation.rb:30:in `process_action'
actionpack (5.1.5) lib/action_controller/metal/params_wrapper.rb:252:in `process_action'
activerecord (5.1.5) lib/active_record/railties/controller_runtime.rb:22:in `process_action'
actionpack (5.1.5) lib/abstract_controller/base.rb:124:in `process'
actionview (5.1.5) lib/action_view/rendering.rb:30:in `process'
actionpack (5.1.5) lib/action_controller/metal.rb:189:in `dispatch'
actionpack (5.1.5) lib/action_controller/metal.rb:253:in `dispatch'
actionpack (5.1.5) lib/action_dispatch/routing/route_set.rb:49:in `dispatch'
actionpack (5.1.5) lib/action_dispatch/routing/route_set.rb:31:in `serve'
actionpack (5.1.5) lib/action_dispatch/journey/router.rb:50:in `block in serve'
actionpack (5.1.5) lib/action_dispatch/journey/router.rb:33:in `each'
actionpack (5.1.5) lib/action_dispatch/journey/router.rb:33:in `serve'
actionpack (5.1.5) lib/action_dispatch/routing/route_set.rb:844:in `call'
rack (2.0.4) lib/rack/etag.rb:25:in `call'
rack (2.0.4) lib/rack/conditional_get.rb:38:in `call'
rack (2.0.4) lib/rack/head.rb:12:in `call'
rack (2.0.4) lib/rack/session/abstract/id.rb:232:in `context'
rack (2.0.4) lib/rack/session/abstract/id.rb:226:in `call'
actionpack (5.1.5) lib/action_dispatch/middleware/cookies.rb:613:in `call'
activerecord (5.1.5) lib/active_record/migration.rb:556:in `call'
actionpack (5.1.5) lib/action_dispatch/middleware/callbacks.rb:26:in `block in call'
activesupport (5.1.5) lib/active_support/callbacks.rb:97:in `run_callbacks'
actionpack (5.1.5) lib/action_dispatch/middleware/callbacks.rb:24:in `call'
actionpack (5.1.5) lib/action_dispatch/middleware/executor.rb:12:in `call'
actionpack (5.1.5) lib/action_dispatch/middleware/debug_exceptions.rb:59:in `call'
web-console (3.5.1) lib/web_console/middleware.rb:135:in `call_app'
web-console (3.5.1) lib/web_console/middleware.rb:28:in `block in call'
web-console (3.5.1) lib/web_console/middleware.rb:18:in `catch'
web-console (3.5.1) lib/web_console/middleware.rb:18:in `call'
actionpack (5.1.5) lib/action_dispatch/middleware/show_exceptions.rb:31:in `call'
railties (5.1.5) lib/rails/rack/logger.rb:36:in `call_app'
railties (5.1.5) lib/rails/rack/logger.rb:24:in `block in call'
activesupport (5.1.5) lib/active_support/tagged_logging.rb:69:in `block in tagged'
activesupport (5.1.5) lib/active_support/tagged_logging.rb:26:in `tagged'
activesupport (5.1.5) lib/active_support/tagged_logging.rb:69:in `tagged'
railties (5.1.5) lib/rails/rack/logger.rb:24:in `call'
sprockets-rails (3.2.1) lib/sprockets/rails/quiet_assets.rb:13:in `call'
actionpack (5.1.5) lib/action_dispatch/middleware/remote_ip.rb:79:in `call'
actionpack (5.1.5) lib/action_dispatch/middleware/request_id.rb:25:in `call'
rack (2.0.4) lib/rack/method_override.rb:22:in `call'
rack (2.0.4) lib/rack/runtime.rb:22:in `call'
activesupport (5.1.5) lib/active_support/cache/strategy/local_cache_middleware.rb:27:in `call'
actionpack (5.1.5) lib/action_dispatch/middleware/executor.rb:12:in `call'
actionpack (5.1.5) lib/action_dispatch/middleware/static.rb:125:in `call'
rack (2.0.4) lib/rack/sendfile.rb:111:in `call'
railties (5.1.5) lib/rails/engine.rb:522:in `call'
puma (3.11.3) lib/puma/configuration.rb:225:in `call'
puma (3.11.3) lib/puma/server.rb:624:in `handle_request'
puma (3.11.3) lib/puma/server.rb:438:in `process_client'
puma (3.11.3) lib/puma/server.rb:302:in `block in run'
puma (3.11.3) lib/puma/thread_pool.rb:120:in `block in spawn_thread'
  [1m[35m (0.5ms)[0m  [1m[34mSELECT COUNT(*) FROM "users"[0m
Started GET "/api/users" for 192.168.1.188 at 2018-03-10 09:07:43 -0300
Cannot render console from 192.168.1.188! Allowed networks: 127.0.0.1, ::1, 127.0.0.0/127.255.255.255
  [1m[35m (0.6ms)[0m  [1m[34mSELECT "schema_migrations"."version" FROM "schema_migrations" ORDER BY "schema_migrations"."version" ASC[0m
Processing by Api::UsersController#index as HTML
  [1m[36mUser Load (0.5ms)[0m  [1m[34mSELECT "users".* FROM "users"[0m
Completed 200 OK in 76ms (Views: 42.1ms | ActiveRecord: 2.1ms)


Started GET "/api/users" for 192.168.1.188 at 2018-03-10 09:08:07 -0300
Cannot render console from 192.168.1.188! Allowed networks: 127.0.0.1, ::1, 127.0.0.0/127.255.255.255
Processing by Api::UsersController#index as HTML
  [1m[36mUser Load (0.5ms)[0m  [1m[34mSELECT "users".* FROM "users"[0m
Completed 200 OK in 17ms (Views: 15.6ms | ActiveRecord: 0.5ms)


Started GET "/api/users" for 192.168.1.188 at 2018-03-10 09:09:42 -0300
Cannot render console from 192.168.1.188! Allowed networks: 127.0.0.1, ::1, 127.0.0.0/127.255.255.255
Processing by Api::UsersController#index as */*
  [1m[36mUser Load (0.4ms)[0m  [1m[34mSELECT "users".* FROM "users"[0m
Completed 200 OK in 22ms (Views: 20.9ms | ActiveRecord: 0.4ms)


Started POST "/api/users" for 192.168.1.188 at 2018-03-10 09:14:41 -0300
Cannot render console from 192.168.1.188! Allowed networks: 127.0.0.1, ::1, 127.0.0.0/127.255.255.255
Processing by Api::UsersController#create as */*
Can't verify CSRF token authenticity.
Completed 422 Unprocessable Entity in 18ms (ActiveRecord: 0.0ms)


  
ActionController::InvalidAuthenticityToken (ActionController::InvalidAuthenticityToken):
  
actionpack (5.1.5) lib/action_controller/metal/request_forgery_protection.rb:195:in `handle_unverified_request'
actionpack (5.1.5) lib/action_controller/metal/request_forgery_protection.rb:227:in `handle_unverified_request'
actionpack (5.1.5) lib/action_controller/metal/request_forgery_protection.rb:222:in `verify_authenticity_token'
activesupport (5.1.5) lib/active_support/callbacks.rb:413:in `block in make_lambda'
activesupport (5.1.5) lib/active_support/callbacks.rb:197:in `block (2 levels) in halting'
actionpack (5.1.5) lib/abstract_controller/callbacks.rb:12:in `block (2 levels) in <module:Callbacks>'
activesupport (5.1.5) lib/active_support/callbacks.rb:198:in `block in halting'
activesupport (5.1.5) lib/active_support/callbacks.rb:507:in `block in invoke_before'
activesupport (5.1.5) lib/active_support/callbacks.rb:507:in `each'
activesupport (5.1.5) lib/active_support/callbacks.rb:507:in `invoke_before'
activesupport (5.1.5) lib/active_support/callbacks.rb:130:in `run_callbacks'
actionpack (5.1.5) lib/abstract_controller/callbacks.rb:19:in `process_action'
actionpack (5.1.5) lib/action_controller/metal/rescue.rb:20:in `process_action'
actionpack (5.1.5) lib/action_controller/metal/instrumentation.rb:32:in `block in process_action'
activesupport (5.1.5) lib/active_support/notifications.rb:166:in `block in instrument'
activesupport (5.1.5) lib/active_support/notifications/instrumenter.rb:21:in `instrument'
activesupport (5.1.5) lib/active_support/notifications.rb:166:in `instrument'
actionpack (5.1.5) lib/action_controller/metal/instrumentation.rb:30:in `process_action'
actionpack (5.1.5) lib/action_controller/metal/params_wrapper.rb:252:in `process_action'
activerecord (5.1.5) lib/active_record/railties/controller_runtime.rb:22:in `process_action'
actionpack (5.1.5) lib/abstract_controller/base.rb:124:in `process'
actionview (5.1.5) lib/action_view/rendering.rb:30:in `process'
actionpack (5.1.5) lib/action_controller/metal.rb:189:in `dispatch'
actionpack (5.1.5) lib/action_controller/metal.rb:253:in `dispatch'
actionpack (5.1.5) lib/action_dispatch/routing/route_set.rb:49:in `dispatch'
actionpack (5.1.5) lib/action_dispatch/routing/route_set.rb:31:in `serve'
actionpack (5.1.5) lib/action_dispatch/journey/router.rb:50:in `block in serve'
actionpack (5.1.5) lib/action_dispatch/journey/router.rb:33:in `each'
actionpack (5.1.5) lib/action_dispatch/journey/router.rb:33:in `serve'
actionpack (5.1.5) lib/action_dispatch/routing/route_set.rb:844:in `call'
rack (2.0.4) lib/rack/etag.rb:25:in `call'
rack (2.0.4) lib/rack/conditional_get.rb:38:in `call'
rack (2.0.4) lib/rack/head.rb:12:in `call'
rack (2.0.4) lib/rack/session/abstract/id.rb:232:in `context'
rack (2.0.4) lib/rack/session/abstract/id.rb:226:in `call'
actionpack (5.1.5) lib/action_dispatch/middleware/cookies.rb:613:in `call'
activerecord (5.1.5) lib/active_record/migration.rb:556:in `call'
actionpack (5.1.5) lib/action_dispatch/middleware/callbacks.rb:26:in `block in call'
activesupport (5.1.5) lib/active_support/callbacks.rb:97:in `run_callbacks'
actionpack (5.1.5) lib/action_dispatch/middleware/callbacks.rb:24:in `call'
actionpack (5.1.5) lib/action_dispatch/middleware/executor.rb:12:in `call'
actionpack (5.1.5) lib/action_dispatch/middleware/debug_exceptions.rb:59:in `call'
web-console (3.5.1) lib/web_console/middleware.rb:135:in `call_app'
web-console (3.5.1) lib/web_console/middleware.rb:20:in `block in call'
web-console (3.5.1) lib/web_console/middleware.rb:18:in `catch'
web-console (3.5.1) lib/web_console/middleware.rb:18:in `call'
actionpack (5.1.5) lib/action_dispatch/middleware/show_exceptions.rb:31:in `call'
railties (5.1.5) lib/rails/rack/logger.rb:36:in `call_app'
railties (5.1.5) lib/rails/rack/logger.rb:24:in `block in call'
activesupport (5.1.5) lib/active_support/tagged_logging.rb:69:in `block in tagged'
activesupport (5.1.5) lib/active_support/tagged_logging.rb:26:in `tagged'
activesupport (5.1.5) lib/active_support/tagged_logging.rb:69:in `tagged'
railties (5.1.5) lib/rails/rack/logger.rb:24:in `call'
sprockets-rails (3.2.1) lib/sprockets/rails/quiet_assets.rb:13:in `call'
actionpack (5.1.5) lib/action_dispatch/middleware/remote_ip.rb:79:in `call'
actionpack (5.1.5) lib/action_dispatch/middleware/request_id.rb:25:in `call'
rack (2.0.4) lib/rack/method_override.rb:22:in `call'
rack (2.0.4) lib/rack/runtime.rb:22:in `call'
activesupport (5.1.5) lib/active_support/cache/strategy/local_cache_middleware.rb:27:in `call'
actionpack (5.1.5) lib/action_dispatch/middleware/executor.rb:12:in `call'
actionpack (5.1.5) lib/action_dispatch/middleware/static.rb:125:in `call'
rack (2.0.4) lib/rack/sendfile.rb:111:in `call'
railties (5.1.5) lib/rails/engine.rb:522:in `call'
puma (3.11.3) lib/puma/configuration.rb:225:in `call'
puma (3.11.3) lib/puma/server.rb:624:in `handle_request'
puma (3.11.3) lib/puma/server.rb:438:in `process_client'
puma (3.11.3) lib/puma/server.rb:302:in `block in run'
puma (3.11.3) lib/puma/thread_pool.rb:120:in `block in spawn_thread'
Started POST "/api/users" for 192.168.1.188 at 2018-03-10 09:18:36 -0300
Cannot render console from 192.168.1.188! Allowed networks: 127.0.0.1, ::1, 127.0.0.0/127.255.255.255
  
ActionController::RoutingError (undefined method `skip_before_filter' for Api::UsersController:Class
Did you mean?  skip_before_action):
  
app/controllers/api/users_controller.rb:3:in `<class:UsersController>'
app/controllers/api/users_controller.rb:1:in `<top (required)>'
Started POST "/api/users" for 192.168.1.188 at 2018-03-10 09:19:34 -0300
Cannot render console from 192.168.1.188! Allowed networks: 127.0.0.1, ::1, 127.0.0.0/127.255.255.255
Processing by Api::UsersController#create as */*
Completed 400 Bad Request in 45ms


  
ActionController::ParameterMissing (param is missing or the value is empty: user):
  
app/controllers/api/users_controller.rb:42:in `user_params'
app/controllers/api/users_controller.rb:14:in `create'
Started POST "/api/users" for 192.168.1.188 at 2018-03-10 09:20:27 -0300
Cannot render console from 192.168.1.188! Allowed networks: 127.0.0.1, ::1, 127.0.0.0/127.255.255.255
Processing by Api::UsersController#create as */*
Completed 400 Bad Request in 8ms


  
ActionController::ParameterMissing (param is missing or the value is empty: user):
  
app/controllers/api/users_controller.rb:42:in `user_params'
app/controllers/api/users_controller.rb:14:in `create'
Started POST "/api/users?name=jose&last_name=perez" for 192.168.1.188 at 2018-03-10 09:21:57 -0300
Cannot render console from 192.168.1.188! Allowed networks: 127.0.0.1, ::1, 127.0.0.0/127.255.255.255
Processing by Api::UsersController#create as */*
  Parameters: {"name"=>"jose", "last_name"=>"perez"}
Completed 400 Bad Request in 2ms


  
ActionController::ParameterMissing (param is missing or the value is empty: user):
  
app/controllers/api/users_controller.rb:42:in `user_params'
app/controllers/api/users_controller.rb:14:in `create'
Started POST "/api/users?name=jose&last_name=perez" for 192.168.1.188 at 2018-03-10 09:22:32 -0300
Cannot render console from 192.168.1.188! Allowed networks: 127.0.0.1, ::1, 127.0.0.0/127.255.255.255
Processing by Api::UsersController#create as */*
  Parameters: {"name"=>"jose", "last_name"=>"perez"}
Completed 400 Bad Request in 1ms


  
ActionController::ParameterMissing (param is missing or the value is empty: user):
  
app/controllers/api/users_controller.rb:42:in `user_params'
app/controllers/api/users_controller.rb:14:in `create'
Started POST "/api/users?name=jose&last_name=perez" for 192.168.1.188 at 2018-03-10 09:23:12 -0300
Cannot render console from 192.168.1.188! Allowed networks: 127.0.0.1, ::1, 127.0.0.0/127.255.255.255
Processing by Api::UsersController#create as */*
  Parameters: {"name"=>"jose", "last_name"=>"perez"}
Completed 400 Bad Request in 136678ms


  
ActionController::ParameterMissing (param is missing or the value is empty: user):
  
app/controllers/api/users_controller.rb:43:in `user_params'
app/controllers/api/users_controller.rb:14:in `create'
Started POST "/api/users?name=jose&last_name=perez" for 192.168.1.188 at 2018-03-10 09:25:37 -0300
Cannot render console from 192.168.1.188! Allowed networks: 127.0.0.1, ::1, 127.0.0.0/127.255.255.255
Processing by Api::UsersController#create as */*
  Parameters: {"name"=>"jose", "last_name"=>"perez"}
  [1m[35m (0.2ms)[0m  [1m[36mbegin transaction[0m
  [1m[35mSQL (52.8ms)[0m  [1m[32mINSERT INTO "users" ("name", "last_name", "created_at", "updated_at") VALUES (?, ?, ?, ?)[0m  [["name", "jose"], ["last_name", "perez"], ["created_at", "2018-03-10 12:25:38.080090"], ["updated_at", "2018-03-10 12:25:38.080090"]]
  [1m[35m (121.6ms)[0m  [1m[36mcommit transaction[0m
Completed 201 Created in 294ms (Views: 16.3ms | ActiveRecord: 179.5ms)


Started GET "/api/users" for 192.168.1.188 at 2018-03-10 09:26:16 -0300
Cannot render console from 192.168.1.188! Allowed networks: 127.0.0.1, ::1, 127.0.0.0/127.255.255.255
Processing by Api::UsersController#index as */*
  [1m[36mUser Load (0.7ms)[0m  [1m[34mSELECT "users".* FROM "users"[0m
Completed 200 OK in 43ms (Views: 41.1ms | ActiveRecord: 0.7ms)


  [1m[35m (0.6ms)[0m  [1m[34mSELECT COUNT(*) FROM "users"[0m
  [1m[36mUser Load (0.5ms)[0m  [1m[34mSELECT  "users".* FROM "users" ORDER BY "users"."id" DESC LIMIT ?[0m  [["LIMIT", 1]]
Started PUT "/api/users?id=5&name=jjj&last_name=kkkk" for 192.168.1.188 at 2018-03-10 09:29:33 -0300
Cannot render console from 192.168.1.188! Allowed networks: 127.0.0.1, ::1, 127.0.0.0/127.255.255.255
  
ActionController::RoutingError (No route matches [PUT] "/api/users"):
  
actionpack (5.1.5) lib/action_dispatch/middleware/debug_exceptions.rb:63:in `call'
web-console (3.5.1) lib/web_console/middleware.rb:135:in `call_app'
web-console (3.5.1) lib/web_console/middleware.rb:20:in `block in call'
web-console (3.5.1) lib/web_console/middleware.rb:18:in `catch'
web-console (3.5.1) lib/web_console/middleware.rb:18:in `call'
actionpack (5.1.5) lib/action_dispatch/middleware/show_exceptions.rb:31:in `call'
railties (5.1.5) lib/rails/rack/logger.rb:36:in `call_app'
railties (5.1.5) lib/rails/rack/logger.rb:24:in `block in call'
activesupport (5.1.5) lib/active_support/tagged_logging.rb:69:in `block in tagged'
activesupport (5.1.5) lib/active_support/tagged_logging.rb:26:in `tagged'
activesupport (5.1.5) lib/active_support/tagged_logging.rb:69:in `tagged'
railties (5.1.5) lib/rails/rack/logger.rb:24:in `call'
sprockets-rails (3.2.1) lib/sprockets/rails/quiet_assets.rb:13:in `call'
actionpack (5.1.5) lib/action_dispatch/middleware/remote_ip.rb:79:in `call'
actionpack (5.1.5) lib/action_dispatch/middleware/request_id.rb:25:in `call'
rack (2.0.4) lib/rack/method_override.rb:22:in `call'
rack (2.0.4) lib/rack/runtime.rb:22:in `call'
activesupport (5.1.5) lib/active_support/cache/strategy/local_cache_middleware.rb:27:in `call'
actionpack (5.1.5) lib/action_dispatch/middleware/executor.rb:12:in `call'
actionpack (5.1.5) lib/action_dispatch/middleware/static.rb:125:in `call'
rack (2.0.4) lib/rack/sendfile.rb:111:in `call'
railties (5.1.5) lib/rails/engine.rb:522:in `call'
puma (3.11.3) lib/puma/configuration.rb:225:in `call'
puma (3.11.3) lib/puma/server.rb:624:in `handle_request'
puma (3.11.3) lib/puma/server.rb:438:in `process_client'
puma (3.11.3) lib/puma/server.rb:302:in `block in run'
puma (3.11.3) lib/puma/thread_pool.rb:120:in `block in spawn_thread'
Started PUT "/api/users/5?name=jjj&last_name=kkkk" for 192.168.1.188 at 2018-03-10 09:30:23 -0300
Cannot render console from 192.168.1.188! Allowed networks: 127.0.0.1, ::1, 127.0.0.0/127.255.255.255
Processing by Api::UsersController#update as */*
  Parameters: {"name"=>"jjj", "last_name"=>"kkkk", "id"=>"5"}
  [1m[36mUser Load (0.7ms)[0m  [1m[34mSELECT  "users".* FROM "users" WHERE "users"."id" = ? LIMIT ?[0m  [["id", 5], ["LIMIT", 1]]
Unpermitted parameter: :id
  [1m[35m (0.2ms)[0m  [1m[36mbegin transaction[0m
  [1m[35mSQL (1.5ms)[0m  [1m[33mUPDATE "users" SET "name" = ?, "last_name" = ?, "updated_at" = ? WHERE "users"."id" = ?[0m  [["name", "jjj"], ["last_name", "kkkk"], ["updated_at", "2018-03-10 12:30:23.137835"], ["id", 5]]
  [1m[35m (109.7ms)[0m  [1m[36mcommit transaction[0m
Completed 200 OK in 184ms (Views: 1.6ms | ActiveRecord: 112.1ms)


  [1m[36mUser Load (0.5ms)[0m  [1m[34mSELECT  "users".* FROM "users" ORDER BY "users"."id" DESC LIMIT ?[0m  [["LIMIT", 1]]
Started DELETE "/api/users/5" for 192.168.1.188 at 2018-03-10 09:32:45 -0300
Cannot render console from 192.168.1.188! Allowed networks: 127.0.0.1, ::1, 127.0.0.0/127.255.255.255
Processing by Api::UsersController#destroy as */*
  Parameters: {"id"=>"5"}
  [1m[36mUser Load (0.3ms)[0m  [1m[34mSELECT  "users".* FROM "users" WHERE "users"."id" = ? LIMIT ?[0m  [["id", 5], ["LIMIT", 1]]
  [1m[35m (0.2ms)[0m  [1m[36mbegin transaction[0m
  [1m[35mSQL (2.1ms)[0m  [1m[31mDELETE FROM "users" WHERE "users"."id" = ?[0m  [["id", 5]]
  [1m[35m (108.7ms)[0m  [1m[36mcommit transaction[0m
Completed 204 No Content in 116ms (ActiveRecord: 111.2ms)


  [1m[36mUser Load (0.3ms)[0m  [1m[34mSELECT  "users".* FROM "users" ORDER BY "users"."id" DESC LIMIT ?[0m  [["LIMIT", 1]]
Started GET "/api/users/" for 192.168.1.188 at 2018-03-10 09:33:45 -0300
Cannot render console from 192.168.1.188! Allowed networks: 127.0.0.1, ::1, 127.0.0.0/127.255.255.255
Processing by Api::UsersController#index as */*
  [1m[36mUser Load (0.6ms)[0m  [1m[34mSELECT "users".* FROM "users"[0m
Completed 200 OK in 5ms (Views: 3.7ms | ActiveRecord: 0.6ms)


Started POST "/api/users/?name=carolina&last_name=perez" for 192.168.1.188 at 2018-03-10 09:35:14 -0300
Cannot render console from 192.168.1.188! Allowed networks: 127.0.0.1, ::1, 127.0.0.0/127.255.255.255
Processing by Api::UsersController#create as */*
  Parameters: {"name"=>"carolina", "last_name"=>"perez"}
  [1m[35m (0.2ms)[0m  [1m[36mbegin transaction[0m
  [1m[35mSQL (1.7ms)[0m  [1m[32mINSERT INTO "users" ("name", "last_name", "created_at", "updated_at") VALUES (?, ?, ?, ?)[0m  [["name", "carolina"], ["last_name", "perez"], ["created_at", "2018-03-10 12:35:14.306941"], ["updated_at", "2018-03-10 12:35:14.306941"]]
  [1m[35m (115.7ms)[0m  [1m[36mcommit transaction[0m
Completed 201 Created in 124ms (Views: 1.1ms | ActiveRecord: 117.6ms)


  [1m[36mUser Load (0.4ms)[0m  [1m[34mSELECT  "users".* FROM "users" ORDER BY "users"."id" DESC LIMIT ?[0m  [["LIMIT", 1]]
